1002	Abnorml
1018	Abnorml
1022	Partial
1025	Abnorml
1028	Partial
103	Alloca
1033	Abnorml
1047	Partial
1050	Abnorml
1051	Partial
1052	Partial
1056	Abnorml
1078	Abnorml
108	Partial
1081	Abnorml
1100	Abnorml
1103	Family
1108	Partial
1109	Abnorml
1116	Partial
1122	Partial
1123	Abnorml
1128	Family
113	Partial
1132	Abnorml
1137	Abnorml
114	Abnorml
1141	Abnorml
1143	Partial
1146	Family
1153	Abnorml
1159	Partial
1164	Alloca
1166	Partial
118	Partial
1182	Partial
1183	Abnorml
1187	Abnorml
1197	Partial
12	Partial
120	Partial
1201	Abnorml
1210	Partial
1218	Partial
1220	Abnorml
1221	Abnorml
1229	Partial
1234	Abnorml
1235	Abnorml
1239	Abnorml
1242	Partial
1243	Family
1244	Partial
1246	Abnorml
1247	Partial
1265	Abnorml
1280	Abnorml
1290	Partial
1298	Partial
1299	Partial
130	Abnorml
1307	Partial
1312	Partial
1318	Partial
1325	Partial
1345	Partial
1348	Partial
1364	Partial
1365	Abnorml
1367	Abnorml
1376	Partial
138	Family
1388	Family
1395	Partial
14	Partial
1403	Partial
1405	Family
1414	Abnorml
1424	Alloca
1429	Abnorml
1436	Abnorml
1438	Partial
145	Abnorml
1450	Abnorml
1452	Partial
1454	Abnorml
152	Partial
155	Family
158	Partial
160	Partial
163	Partial
168	Partial
179	Partial
189	Alloca
197	Partial
198	Abnorml
199	Abnorml
20	Abnorml
21	Partial
213	Partial
218	Family
220	Partial
221	Partial
224	Abnorml
226	Abnorml
227	Abnorml
239	Partial
252	Family
258	Abnorml
262	Partial
271	Partial
279	Partial
282	Partial
284	Partial
286	Partial
291	Partial
300	Family
304	Abnorml
321	Partial
350	Partial
351	Partial
352	Abnorml
359	Abnorml
379	Partial
382	Partial
387	AdjLand
388	Abnorml
39	Abnorml
390	Partial
394	Abnorml
399	Abnorml
4	Abnorml
40	AdjLand
402	Partial
404	Abnorml
409	Partial
41	Abnorml
410	Partial
411	Abnorml
413	Partial
416	Partial
419	AdjLand
421	Alloca
429	Partial
431	Abnorml
432	Abnorml
444	Partial
455	Family
457	Abnorml
461	Partial
47	Abnorml
474	Partial
480	Alloca
49	Partial
493	Partial
496	Abnorml
508	Partial
512	Partial
516	Partial
517	Abnorml
524	Partial
528	Partial
530	Alloca
531	Abnorml
545	Partial
551	Abnorml
57	Abnorml
572	Abnorml
573	Partial
576	Abnorml
578	Abnorml
579	Abnorml
582	Partial
586	Partial
589	Partial
59	Partial
596	Partial
598	Partial
603	Abnorml
609	Alloca
61	Partial
614	Partial
616	Abnorml
619	Partial
629	Family
631	Abnorml
633	Family
636	Abnorml
640	Partial
645	Partial
656	Family
659	Abnorml
665	Partial
667	Abnorml
679	Partial
682	Abnorml
687	Partial
689	Partial
694	Abnorml
703	Partial
709	Partial
710	Abnorml
712	Abnorml
729	Abnorml
735	Family
739	Alloca
741	Abnorml
758	Abnorml
766	Partial
773	Abnorml
775	Partial
777	Partial
794	Partial
798	Abnorml
799	Partial
804	Partial
805	Family
806	Partial
813	Alloca
820	Partial
823	Family
825	Partial
826	Partial
829	Abnorml
855	Abnorml
859	Family
865	Partial
867	Partial
875	Abnorml
876	Partial
88	Partial
886	Abnorml
887	Family
89	Abnorml
895	Alloca
897	Abnorml
898	Alloca
899	Partial
9	Abnorml
904	Partial
913	Abnorml
915	Partial
917	Abnorml
92	Abnorml
923	Partial
926	Abnorml
939	Partial
943	Abnorml
945	Abnorml
952	Abnorml
955	AdjLand
966	Partial
969	Abnorml
971	Abnorml
974	Partial
978	Partial
979	Abnorml
988	Partial
99	Abnorml
990	Partial
994	Partial
996	Abnorml
